<?xml version="1.0" encoding="UTF-8"?>
<testsuite name="Тестовый класс для проверки домашней страницы GOOGLE.COM" tests="1" skipped="0" failures="0" errors="0" timestamp="2024-06-21T10:28:27" hostname="PORTISHEAD-PC" time="3.81">
  <properties/>
  <testcase name="Find {Котики} on {Google.com} :: итерация [1] из [1]" classname="demoQA_tests.HomePageTests" time="3.81"/>
  <system-out><![CDATA[12:28:27.873 [Test worker] INFO core.BaseTest -- ========================= searchTest ============================
12:28:27.880 [Test worker] INFO core.BaseTest -- START TEST: Find {Котики} on {Google.com} :: итерация [1] из [1]
12:28:31.189 [Test worker] INFO core.BasePage -- ТЕКСТ ПРОВЕРЕН: [Результаты поиска] В ЭЛЕМЕНТЕ: [h1]
Текст элемента пуст
Какие есть милые котики?
Текст элемента пуст
Что говорят котики?
Текст элемента пуст
Почему котики успокаивают?
Текст элемента пуст
Лучшие идеи (900+) доски «Милые котики
› милые-котики
Текст элемента пуст
› photos › котики
Текст элемента пуст
Милые котики
котики
› tag › котики
Текст элемента пуст
котики
котики
котики
12:28:31.661 [Test worker] INFO core.BaseTest -- PASSED TEST: [searchTest], TIME for test execution: [2113] ms
12:28:31.770 [Test worker] INFO core.BaseTest -- **************************** ВСЕ ТЕСТЫ ЗАВЕРШЕНЫ ****************************
]]></system-out>
  <system-err><![CDATA[]]></system-err>
</testsuite>
